[2024-03-31 10:34:03,266] multiqc                                            [DEBUG  ]  This is MultiQC v1.12
[2024-03-31 10:34:03,266] multiqc                                            [DEBUG  ]  No MultiQC config found: /usr/lib/python3/dist-packages/multiqc_config.yaml
[2024-03-31 10:34:03,266] multiqc                                            [DEBUG  ]  No MultiQC config found: /home/bash/.multiqc_config.yaml
[2024-03-31 10:34:03,266] multiqc                                            [DEBUG  ]  No MultiQC config found: multiqc_config.yaml
[2024-03-31 10:34:03,266] multiqc                                            [DEBUG  ]  Command used: /usr/bin/multiqc /home/bash/QCreports -o multiQCreport/
[2024-03-31 10:34:04,820] multiqc                                            [WARNING]  MultiQC Version v1.21 now available!
[2024-03-31 10:34:04,821] multiqc                                            [DEBUG  ]  Command     : /usr/bin/multiqc /home/bash/QCreports -o multiQCreport/
[2024-03-31 10:34:04,825] multiqc                                            [DEBUG  ]  Working dir : /home/bash
[2024-03-31 10:34:04,825] multiqc                                            [DEBUG  ]  Template    : default
[2024-03-31 10:34:04,826] multiqc                                            [DEBUG  ]  Running Python 3.10.12 (main, Nov 20 2023, 15:14:05) [GCC 11.4.0]
[2024-03-31 10:34:04,826] multiqc                                            [DEBUG  ]  Analysing modules: custom_content, ccs, ngsderive, purple, conpair, lima, peddy, somalier, methylQA, mosdepth, phantompeakqualtools, qualimap, preseq, quast, qorts, rna_seqc, rockhopper, rsem, rseqc, busco, bustools, goleft_indexcov, gffcompare, disambiguate, supernova, deeptools, sargasso, verifybamid, mirtrace, happy, mirtop, sambamba, homer, hops, macs2, theta2, snpeff, gatk, htseq, bcftools, featureCounts, fgbio, dragen, dedup, pbmarkdup, damageprofiler, biobambam2, jcvi, mtnucratio, picard, vep, sentieon, prokka, qc3C, nanostat, samblaster, samtools, sexdeterrmine, eigenstratdatabasetools, bamtools, jellyfish, vcftools, longranger, stacks, varscan2, snippy, bbmap, bismark, biscuit, hicexplorer, hicup, hicpro, salmon, kallisto, slamdunk, star, hisat2, tophat, bowtie2, bowtie1, snpsplit, odgi, pangolin, kat, leehom, adapterRemoval, clipandmerge, cutadapt, flexbar, kaiju, kraken, malt, trimmomatic, sickle, skewer, sortmerna, biobloomtools, fastq_screen, afterqc, fastp, fastqc, pychopper, pycoqc, minionqc, multivcfanalyzer, clusterflow, checkqc, bcl2fastq, bclconvert, interop, ivar, flash, seqyclean, optitype, whatshap
[2024-03-31 10:34:04,826] multiqc                                            [DEBUG  ]  Using temporary directory for creating report: /tmp/tmp82pekhj6
[2024-03-31 10:34:04,840] multiqc                                            [INFO   ]  Search path : /home/bash/QCreports
[2024-03-31 10:34:04,890] multiqc                                            [DEBUG  ]  File ignored by ccs/v4 because it exceeded search pattern filesize limit: ERR8774458_2_fastqc.html
[2024-03-31 10:34:04,891] multiqc                                            [DEBUG  ]  File ignored by hicexplorer because it exceeded search pattern filesize limit: ERR8774458_2_fastqc.html
[2024-03-31 10:34:04,892] multiqc                                            [DEBUG  ]  File ignored by lima/summary because it exceeded search pattern filesize limit: ERR8774458_2_fastqc.html
[2024-03-31 10:34:04,897] multiqc                                            [DEBUG  ]  File ignored by vep/vep_txt because it exceeded search pattern filesize limit: ERR8774458_2_fastqc.html
[2024-03-31 10:34:04,897] multiqc                                            [DEBUG  ]  File ignored by longranger/invocation because it exceeded search pattern filesize limit: ERR8774458_2_fastqc.html
[2024-03-31 10:34:04,897] multiqc                                            [DEBUG  ]  File ignored by rockhopper because it exceeded search pattern filesize limit: ERR8774458_2_fastqc.html
[2024-03-31 10:34:04,897] multiqc                                            [DEBUG  ]  File ignored by rseqc/bam_stat because it exceeded search pattern filesize limit: ERR8774458_2_fastqc.html
[2024-03-31 10:34:04,897] multiqc                                            [DEBUG  ]  File ignored by rseqc/junction_annotation because it exceeded search pattern filesize limit: ERR8774458_2_fastqc.html
[2024-03-31 10:34:04,897] multiqc                                            [DEBUG  ]  File ignored by rseqc/read_distribution because it exceeded search pattern filesize limit: ERR8774458_2_fastqc.html
[2024-03-31 10:34:04,898] multiqc                                            [DEBUG  ]  File ignored by rseqc/infer_experiment because it exceeded search pattern filesize limit: ERR8774458_2_fastqc.html
[2024-03-31 10:34:04,975] multiqc                                            [DEBUG  ]  File ignored by nanostat because it exceeded search pattern filesize limit: ERR8774458_2_fastqc.html
[2024-03-31 10:34:04,988] multiqc                                            [DEBUG  ]  File ignored by ccs/v4 because it exceeded search pattern filesize limit: ERR8774458_1_fastqc.html
[2024-03-31 10:34:04,989] multiqc                                            [DEBUG  ]  File ignored by hicexplorer because it exceeded search pattern filesize limit: ERR8774458_1_fastqc.html
[2024-03-31 10:34:04,989] multiqc                                            [DEBUG  ]  File ignored by lima/summary because it exceeded search pattern filesize limit: ERR8774458_1_fastqc.html
[2024-03-31 10:34:04,991] multiqc                                            [DEBUG  ]  File ignored by vep/vep_txt because it exceeded search pattern filesize limit: ERR8774458_1_fastqc.html
[2024-03-31 10:34:04,992] multiqc                                            [DEBUG  ]  File ignored by longranger/invocation because it exceeded search pattern filesize limit: ERR8774458_1_fastqc.html
[2024-03-31 10:34:04,992] multiqc                                            [DEBUG  ]  File ignored by rockhopper because it exceeded search pattern filesize limit: ERR8774458_1_fastqc.html
[2024-03-31 10:34:04,992] multiqc                                            [DEBUG  ]  File ignored by rseqc/bam_stat because it exceeded search pattern filesize limit: ERR8774458_1_fastqc.html
[2024-03-31 10:34:04,992] multiqc                                            [DEBUG  ]  File ignored by rseqc/junction_annotation because it exceeded search pattern filesize limit: ERR8774458_1_fastqc.html
[2024-03-31 10:34:04,992] multiqc                                            [DEBUG  ]  File ignored by rseqc/read_distribution because it exceeded search pattern filesize limit: ERR8774458_1_fastqc.html
[2024-03-31 10:34:04,992] multiqc                                            [DEBUG  ]  File ignored by rseqc/infer_experiment because it exceeded search pattern filesize limit: ERR8774458_1_fastqc.html
[2024-03-31 10:34:05,070] multiqc                                            [DEBUG  ]  File ignored by nanostat because it exceeded search pattern filesize limit: ERR8774458_1_fastqc.html
[2024-03-31 10:34:06,116] multiqc.plots.linegraph                            [DEBUG  ]  Using matplotlib version 3.5.1
[2024-03-31 10:34:06,117] multiqc.plots.bargraph                             [DEBUG  ]  Using matplotlib version 3.5.1
[2024-03-31 10:34:06,182] multiqc.modules.fastqc.fastqc                      [INFO   ]  Found 2 reports
[2024-03-31 10:34:06,240] multiqc                                            [INFO   ]  Compressing plot data
[2024-03-31 10:34:06,300] multiqc                                            [INFO   ]  Report      : multiQCreport/multiqc_report.html
[2024-03-31 10:34:06,305] multiqc                                            [INFO   ]  Data        : multiQCreport/multiqc_data
[2024-03-31 10:34:06,305] multiqc                                            [DEBUG  ]  Moving data file from '/tmp/tmp82pekhj6/multiqc_data' to 'multiQCreport/multiqc_data'
[2024-03-31 10:34:06,457] multiqc                                            [INFO   ]  MultiQC complete
